<?xml version="1.0" encoding="UTF-8"?>
<testsuite xmlns:xsi="http://www.w3.org/2001/XMLSchema-instance" xsi:noNamespaceSchemaLocation="https://maven.apache.org/surefire/maven-surefire-plugin/xsd/surefire-test-report.xsd" version="3.0.2" name="service.StudentServiceTest" time="0.035" tests="20" errors="0" skipped="0" failures="0">
  <properties>
[...]
</properties>
  <testcase name="addStudent_invalidAge_throwsException" classname="service.StudentServiceTest" time="0.003"/>
  <testcase name="studentExists_nonExistingId_returnsFalse" classname="service.StudentServiceTest" time="0.001"/>
  <testcase name="updateStudent_validId_nameUpdated" classname="service.StudentServiceTest" time="0.002"/>
  <testcase name="updateStudent_nonExistingId_throwsException" classname="service.StudentServiceTest" time="0.001"/>
  <testcase name="studentExists_validId_studentFound" classname="service.StudentServiceTest" time="0.0"/>
  <testcase name="searchStudent_validId_studentFound" classname="service.StudentServiceTest" time="0.001"/>
  <testcase name="addStudent_validStudent_studentAdded" classname="service.StudentServiceTest" time="0.001"/>
  <testcase name="updateStudent_validId_departmentUpdated" classname="service.StudentServiceTest" time="0.001"/>
  <testcase name="updateStudent_validId_validAgeUpdated" classname="service.StudentServiceTest" time="0.001"/>
  <testcase name="deleteStudent_invalidId_throwsException" classname="service.StudentServiceTest" time="0.001"/>
  <testcase name="updateStudent_invalidAge_returnsFalse" classname="service.StudentServiceTest" time="0.001">
    <system-out><![CDATA[Enter according datatype ..
]]></system-out>
  </testcase>
  <testcase name="isStudentsEmpty_afterAdd" classname="service.StudentServiceTest" time="0.0"/>
  <testcase name="isStudentsEmpty_beforeAdd" classname="service.StudentServiceTest" time="0.0"/>
  <testcase name="addStudent_duplicateId_throwsException" classname="service.StudentServiceTest" time="0.001"/>
  <testcase name="deleteStudent_validStudent_studentDeleted" classname="service.StudentServiceTest" time="0.0">
    <system-out><![CDATA[1 Comparisons
]]></system-out>
  </testcase>
  <testcase name="updateStudent_invalidChoice_returnsFalse" classname="service.StudentServiceTest" time="0.0">
    <system-out><![CDATA[Invalid input
]]></system-out>
  </testcase>
  <testcase name="addDummyStudents_emptyRepository_addsTenStudents" classname="service.StudentServiceTest" time="0.001"/>
  <testcase name="sortStudents_sortsById" classname="service.StudentServiceTest" time="0.001">
    <system-out><![CDATA[___________________________
ID : 1
Name : Shakti
Age : 19
Department : IT
___________________________
___________________________
ID : 2
Name : Arun
Age : 20
Department : CSE
___________________________
___________________________
ID : 3
Name : Vijay
Age : 19
Department : ECE
___________________________
]]></system-out>
  </testcase>
  <testcase name="addDummyStudents_studentsAlreadyExist_doesNotAddDuplicates" classname="service.StudentServiceTest" time="0.0">
    <system-out><![CDATA[Dummy students already loaded
]]></system-out>
  </testcase>
  <testcase name="searchStudent_nonExistingId_throwsException" classname="service.StudentServiceTest" time="0.002"/>
</testsuite>